[0.013s] Invoking command in '/home/rhyloo/Documents/Universidad/CyPR/ROS/dev_ws/build/first_pkg': CMAKE_PREFIX_PATH=${CMAKE_PREFIX_PATH}:/opt/ros/humble /usr/bin/cmake --build /home/rhyloo/Documents/Universidad/CyPR/ROS/dev_ws/build/first_pkg -- -j8 -l8
[0.045s] [35m[1mConsolidate compiler generated dependencies of target actuator[0m
[0.052s] [ 33%] Built target hello
[0.056s] [ 66%] Built target controller
[0.061s] [ 83%] [32mBuilding CXX object CMakeFiles/actuator.dir/src/actuator.cpp.o[0m
[7.696s] [100%] [32m[1mLinking CXX executable actuator[0m
[8.334s] [100%] Built target actuator
[8.432s] Invoked command in '/home/rhyloo/Documents/Universidad/CyPR/ROS/dev_ws/build/first_pkg' returned '0': CMAKE_PREFIX_PATH=${CMAKE_PREFIX_PATH}:/opt/ros/humble /usr/bin/cmake --build /home/rhyloo/Documents/Universidad/CyPR/ROS/dev_ws/build/first_pkg -- -j8 -l8
[8.518s] Invoking command in '/home/rhyloo/Documents/Universidad/CyPR/ROS/dev_ws/build/first_pkg': CMAKE_PREFIX_PATH=${CMAKE_PREFIX_PATH}:/opt/ros/humble /usr/bin/cmake --install /home/rhyloo/Documents/Universidad/CyPR/ROS/dev_ws/build/first_pkg
[8.532s] -- Install configuration: ""
[8.616s] -- Up-to-date: /home/rhyloo/Documents/Universidad/CyPR/ROS/dev_ws/install/first_pkg/lib/first_pkg/hello
[8.735s] -- Up-to-date: /home/rhyloo/Documents/Universidad/CyPR/ROS/dev_ws/install/first_pkg/lib/first_pkg/controller
[8.735s] -- Installing: /home/rhyloo/Documents/Universidad/CyPR/ROS/dev_ws/install/first_pkg/lib/first_pkg/actuator
[8.746s] -- Set runtime path of "/home/rhyloo/Documents/Universidad/CyPR/ROS/dev_ws/install/first_pkg/lib/first_pkg/actuator" to ""
[8.747s] -- Up-to-date: /home/rhyloo/Documents/Universidad/CyPR/ROS/dev_ws/install/first_pkg/share/ament_index/resource_index/package_run_dependencies/first_pkg
[8.747s] -- Installing: /home/rhyloo/Documents/Universidad/CyPR/ROS/dev_ws/install/first_pkg/share/ament_index/resource_index/parent_prefix_path/first_pkg
[8.775s] -- Up-to-date: /home/rhyloo/Documents/Universidad/CyPR/ROS/dev_ws/install/first_pkg/share/first_pkg/environment/ament_prefix_path.sh
[8.775s] -- Installing: /home/rhyloo/Documents/Universidad/CyPR/ROS/dev_ws/install/first_pkg/share/first_pkg/environment/ament_prefix_path.dsv
[8.815s] -- Up-to-date: /home/rhyloo/Documents/Universidad/CyPR/ROS/dev_ws/install/first_pkg/share/first_pkg/environment/path.sh
[8.815s] -- Installing: /home/rhyloo/Documents/Universidad/CyPR/ROS/dev_ws/install/first_pkg/share/first_pkg/environment/path.dsv
[8.856s] -- Up-to-date: /home/rhyloo/Documents/Universidad/CyPR/ROS/dev_ws/install/first_pkg/share/first_pkg/local_setup.bash
[8.856s] -- Up-to-date: /home/rhyloo/Documents/Universidad/CyPR/ROS/dev_ws/install/first_pkg/share/first_pkg/local_setup.sh
[8.857s] -- Up-to-date: /home/rhyloo/Documents/Universidad/CyPR/ROS/dev_ws/install/first_pkg/share/first_pkg/local_setup.zsh
[8.858s] -- Installing: /home/rhyloo/Documents/Universidad/CyPR/ROS/dev_ws/install/first_pkg/share/first_pkg/local_setup.dsv
[8.858s] -- Installing: /home/rhyloo/Documents/Universidad/CyPR/ROS/dev_ws/install/first_pkg/share/first_pkg/package.dsv
[8.858s] -- Up-to-date: /home/rhyloo/Documents/Universidad/CyPR/ROS/dev_ws/install/first_pkg/share/ament_index/resource_index/packages/first_pkg
[8.859s] -- Up-to-date: /home/rhyloo/Documents/Universidad/CyPR/ROS/dev_ws/install/first_pkg/share/first_pkg/cmake/first_pkgConfig.cmake
[8.859s] -- Up-to-date: /home/rhyloo/Documents/Universidad/CyPR/ROS/dev_ws/install/first_pkg/share/first_pkg/cmake/first_pkgConfig-version.cmake
[8.860s] -- Up-to-date: /home/rhyloo/Documents/Universidad/CyPR/ROS/dev_ws/install/first_pkg/share/first_pkg/package.xml
[8.864s] Invoked command in '/home/rhyloo/Documents/Universidad/CyPR/ROS/dev_ws/build/first_pkg' returned '0': CMAKE_PREFIX_PATH=${CMAKE_PREFIX_PATH}:/opt/ros/humble /usr/bin/cmake --install /home/rhyloo/Documents/Universidad/CyPR/ROS/dev_ws/build/first_pkg
