[0.292s] DEBUG:colcon:Command line arguments: ['/usr/bin/colcon', 'build']
[0.293s] DEBUG:colcon:Parsed command line arguments: Namespace(log_base=None, log_level=None, verb_name='build', build_base='build', install_base='install', merge_install=False, symlink_install=False, test_result_base=None, continue_on_error=False, executor='parallel', parallel_workers=8, event_handlers=None, ignore_user_meta=False, metas=['./colcon.meta'], base_paths=['.'], packages_ignore=None, packages_ignore_regex=None, paths=None, packages_up_to=None, packages_up_to_regex=None, packages_above=None, packages_above_and_dependencies=None, packages_above_depth=None, packages_select_by_dep=None, packages_skip_by_dep=None, packages_skip_up_to=None, packages_select_build_failed=False, packages_skip_build_finished=False, packages_select_test_failures=False, packages_skip_test_passed=False, packages_select=None, packages_skip=None, packages_select_regex=None, packages_skip_regex=None, packages_start=None, packages_end=None, allow_overriding=[], cmake_args=None, cmake_target=None, cmake_target_skip_unavailable=False, cmake_clean_cache=False, cmake_clean_first=False, cmake_force_configure=False, ament_cmake_args=None, catkin_cmake_args=None, catkin_skip_building_tests=False, verb_parser=<colcon_defaults.argument_parser.defaults.DefaultArgumentsDecorator object at 0x7f1c0a75a020>, verb_extension=<colcon_core.verb.build.BuildVerb object at 0x7f1c0b069270>, main=<bound method BuildVerb.main of <colcon_core.verb.build.BuildVerb object at 0x7f1c0b069270>>)
[0.318s] Level 1:colcon.colcon_core.package_discovery:discover_packages(colcon_meta) check parameters
[0.318s] Level 1:colcon.colcon_core.package_discovery:discover_packages(recursive) check parameters
[0.318s] Level 1:colcon.colcon_core.package_discovery:discover_packages(ignore) check parameters
[0.318s] Level 1:colcon.colcon_core.package_discovery:discover_packages(path) check parameters
[0.318s] Level 1:colcon.colcon_core.package_discovery:discover_packages(colcon_meta) discover
[0.318s] Level 1:colcon.colcon_core.package_discovery:discover_packages(recursive) discover
[0.318s] INFO:colcon.colcon_core.package_discovery:Crawling recursively for packages in '/home/rhyloo/Documents/Universidad/CyPR/ROS/dev_ws'
[0.318s] Level 1:colcon.colcon_core.package_identification:_identify(.) by extensions ['ignore', 'ignore_ament_install']
[0.319s] Level 1:colcon.colcon_core.package_identification:_identify(.) by extension 'ignore'
[0.319s] Level 1:colcon.colcon_core.package_identification:_identify(.) by extension 'ignore_ament_install'
[0.319s] Level 1:colcon.colcon_core.package_identification:_identify(.) by extensions ['colcon_pkg']
[0.319s] Level 1:colcon.colcon_core.package_identification:_identify(.) by extension 'colcon_pkg'
[0.319s] Level 1:colcon.colcon_core.package_identification:_identify(.) by extensions ['colcon_meta']
[0.319s] Level 1:colcon.colcon_core.package_identification:_identify(.) by extension 'colcon_meta'
[0.319s] Level 1:colcon.colcon_core.package_identification:_identify(.) by extensions ['ros']
[0.319s] Level 1:colcon.colcon_core.package_identification:_identify(.) by extension 'ros'
[0.328s] Level 1:colcon.colcon_core.package_identification:_identify(.) by extensions ['cmake', 'python']
[0.328s] Level 1:colcon.colcon_core.package_identification:_identify(.) by extension 'cmake'
[0.328s] Level 1:colcon.colcon_core.package_identification:_identify(.) by extension 'python'
[0.328s] Level 1:colcon.colcon_core.package_identification:_identify(.) by extensions ['python_setup_py']
[0.329s] Level 1:colcon.colcon_core.package_identification:_identify(.) by extension 'python_setup_py'
[0.329s] Level 1:colcon.colcon_core.package_identification:_identify(build) by extensions ['ignore', 'ignore_ament_install']
[0.329s] Level 1:colcon.colcon_core.package_identification:_identify(build) by extension 'ignore'
[0.329s] Level 1:colcon.colcon_core.package_identification:_identify(build) ignored
[0.329s] Level 1:colcon.colcon_core.package_identification:_identify(install) by extensions ['ignore', 'ignore_ament_install']
[0.329s] Level 1:colcon.colcon_core.package_identification:_identify(install) by extension 'ignore'
[0.329s] Level 1:colcon.colcon_core.package_identification:_identify(install) ignored
[0.329s] Level 1:colcon.colcon_core.package_identification:_identify(log) by extensions ['ignore', 'ignore_ament_install']
[0.329s] Level 1:colcon.colcon_core.package_identification:_identify(log) by extension 'ignore'
[0.329s] Level 1:colcon.colcon_core.package_identification:_identify(log) ignored
[0.329s] Level 1:colcon.colcon_core.package_identification:_identify(src) by extensions ['ignore', 'ignore_ament_install']
[0.329s] Level 1:colcon.colcon_core.package_identification:_identify(src) by extension 'ignore'
[0.329s] Level 1:colcon.colcon_core.package_identification:_identify(src) by extension 'ignore_ament_install'
[0.329s] Level 1:colcon.colcon_core.package_identification:_identify(src) by extensions ['colcon_pkg']
[0.329s] Level 1:colcon.colcon_core.package_identification:_identify(src) by extension 'colcon_pkg'
[0.329s] Level 1:colcon.colcon_core.package_identification:_identify(src) by extensions ['colcon_meta']
[0.329s] Level 1:colcon.colcon_core.package_identification:_identify(src) by extension 'colcon_meta'
[0.330s] Level 1:colcon.colcon_core.package_identification:_identify(src) by extensions ['ros']
[0.330s] Level 1:colcon.colcon_core.package_identification:_identify(src) by extension 'ros'
[0.330s] Level 1:colcon.colcon_core.package_identification:_identify(src) by extensions ['cmake', 'python']
[0.330s] Level 1:colcon.colcon_core.package_identification:_identify(src) by extension 'cmake'
[0.330s] Level 1:colcon.colcon_core.package_identification:_identify(src) by extension 'python'
[0.330s] Level 1:colcon.colcon_core.package_identification:_identify(src) by extensions ['python_setup_py']
[0.330s] Level 1:colcon.colcon_core.package_identification:_identify(src) by extension 'python_setup_py'
[0.330s] Level 1:colcon.colcon_core.package_identification:_identify(src/first_pkg) by extensions ['ignore', 'ignore_ament_install']
[0.330s] Level 1:colcon.colcon_core.package_identification:_identify(src/first_pkg) by extension 'ignore'
[0.330s] Level 1:colcon.colcon_core.package_identification:_identify(src/first_pkg) by extension 'ignore_ament_install'
[0.330s] Level 1:colcon.colcon_core.package_identification:_identify(src/first_pkg) by extensions ['colcon_pkg']
[0.330s] Level 1:colcon.colcon_core.package_identification:_identify(src/first_pkg) by extension 'colcon_pkg'
[0.330s] Level 1:colcon.colcon_core.package_identification:_identify(src/first_pkg) by extensions ['colcon_meta']
[0.330s] Level 1:colcon.colcon_core.package_identification:_identify(src/first_pkg) by extension 'colcon_meta'
[0.330s] Level 1:colcon.colcon_core.package_identification:_identify(src/first_pkg) by extensions ['ros']
[0.330s] Level 1:colcon.colcon_core.package_identification:_identify(src/first_pkg) by extension 'ros'
[0.332s] DEBUG:colcon.colcon_core.package_identification:Package 'src/first_pkg' with type 'ros.ament_cmake' and name 'first_pkg'
[0.332s] Level 1:colcon.colcon_core.package_discovery:discover_packages(recursive) using defaults
[0.332s] Level 1:colcon.colcon_core.package_discovery:discover_packages(ignore) discover
[0.332s] Level 1:colcon.colcon_core.package_discovery:discover_packages(ignore) using defaults
[0.332s] Level 1:colcon.colcon_core.package_discovery:discover_packages(path) discover
[0.332s] Level 1:colcon.colcon_core.package_discovery:discover_packages(path) using defaults
[0.353s] Level 1:colcon.colcon_core.package_discovery:discover_packages(prefix_path) check parameters
[0.353s] Level 1:colcon.colcon_core.package_discovery:discover_packages(prefix_path) discover
[0.355s] DEBUG:colcon.colcon_installed_package_information.package_discovery:Found 1 installed packages in /home/rhyloo/Documents/Universidad/CyPR/ROS/dev_ws/install
[0.357s] DEBUG:colcon.colcon_installed_package_information.package_discovery:Found 270 installed packages in /opt/ros/humble
[0.358s] Level 1:colcon.colcon_core.package_discovery:discover_packages(prefix_path) using defaults
[0.411s] Level 5:colcon.colcon_core.verb:set package 'first_pkg' build argument 'cmake_args' from command line to 'None'
[0.411s] Level 5:colcon.colcon_core.verb:set package 'first_pkg' build argument 'cmake_target' from command line to 'None'
[0.411s] Level 5:colcon.colcon_core.verb:set package 'first_pkg' build argument 'cmake_target_skip_unavailable' from command line to 'False'
[0.411s] Level 5:colcon.colcon_core.verb:set package 'first_pkg' build argument 'cmake_clean_cache' from command line to 'False'
[0.411s] Level 5:colcon.colcon_core.verb:set package 'first_pkg' build argument 'cmake_clean_first' from command line to 'False'
[0.411s] Level 5:colcon.colcon_core.verb:set package 'first_pkg' build argument 'cmake_force_configure' from command line to 'False'
[0.411s] Level 5:colcon.colcon_core.verb:set package 'first_pkg' build argument 'ament_cmake_args' from command line to 'None'
[0.411s] Level 5:colcon.colcon_core.verb:set package 'first_pkg' build argument 'catkin_cmake_args' from command line to 'None'
[0.411s] Level 5:colcon.colcon_core.verb:set package 'first_pkg' build argument 'catkin_skip_building_tests' from command line to 'False'
[0.411s] DEBUG:colcon.colcon_core.verb:Building package 'first_pkg' with the following arguments: {'ament_cmake_args': None, 'build_base': '/home/rhyloo/Documents/Universidad/CyPR/ROS/dev_ws/build/first_pkg', 'catkin_cmake_args': None, 'catkin_skip_building_tests': False, 'cmake_args': None, 'cmake_clean_cache': False, 'cmake_clean_first': False, 'cmake_force_configure': False, 'cmake_target': None, 'cmake_target_skip_unavailable': False, 'install_base': '/home/rhyloo/Documents/Universidad/CyPR/ROS/dev_ws/install/first_pkg', 'merge_install': False, 'path': '/home/rhyloo/Documents/Universidad/CyPR/ROS/dev_ws/src/first_pkg', 'symlink_install': False, 'test_result_base': None}
[0.411s] INFO:colcon.colcon_core.executor:Executing jobs using 'parallel' executor
[0.415s] DEBUG:colcon.colcon_parallel_executor.executor.parallel:run_until_complete
[0.415s] INFO:colcon.colcon_ros.task.ament_cmake.build:Building ROS package in '/home/rhyloo/Documents/Universidad/CyPR/ROS/dev_ws/src/first_pkg' with build type 'ament_cmake'
[0.415s] INFO:colcon.colcon_cmake.task.cmake.build:Building CMake package in '/home/rhyloo/Documents/Universidad/CyPR/ROS/dev_ws/src/first_pkg'
[0.418s] INFO:colcon.colcon_core.plugin_system:Skipping extension 'colcon_core.shell.bat': Not used on non-Windows systems
[0.418s] INFO:colcon.colcon_core.shell:Skip shell extension 'powershell' for command environment: Not usable outside of PowerShell
[0.418s] DEBUG:colcon.colcon_core.shell:Skip shell extension 'dsv' for command environment
[0.428s] DEBUG:colcon.colcon_core.event_handler.log_command:Invoking command in '/home/rhyloo/Documents/Universidad/CyPR/ROS/dev_ws/build/first_pkg': CMAKE_PREFIX_PATH=${CMAKE_PREFIX_PATH}:/opt/ros/humble /usr/bin/cmake --build /home/rhyloo/Documents/Universidad/CyPR/ROS/dev_ws/build/first_pkg -- -j8 -l8
[8.746s] DEBUG:colcon.colcon_core.event_handler.log_command:Invoked command in '/home/rhyloo/Documents/Universidad/CyPR/ROS/dev_ws/build/first_pkg' returned '0': CMAKE_PREFIX_PATH=${CMAKE_PREFIX_PATH}:/opt/ros/humble /usr/bin/cmake --build /home/rhyloo/Documents/Universidad/CyPR/ROS/dev_ws/build/first_pkg -- -j8 -l8
[8.778s] DEBUG:colcon.colcon_core.event_handler.log_command:Invoking command in '/home/rhyloo/Documents/Universidad/CyPR/ROS/dev_ws/build/first_pkg': CMAKE_PREFIX_PATH=${CMAKE_PREFIX_PATH}:/opt/ros/humble /usr/bin/cmake --install /home/rhyloo/Documents/Universidad/CyPR/ROS/dev_ws/build/first_pkg
[8.792s] Level 1:colcon.colcon_core.environment:create_environment_scripts_only(first_pkg)
[8.794s] DEBUG:colcon.colcon_core.event_handler.log_command:Invoked command in '/home/rhyloo/Documents/Universidad/CyPR/ROS/dev_ws/build/first_pkg' returned '0': CMAKE_PREFIX_PATH=${CMAKE_PREFIX_PATH}:/opt/ros/humble /usr/bin/cmake --install /home/rhyloo/Documents/Universidad/CyPR/ROS/dev_ws/build/first_pkg
[8.796s] Level 1:colcon.colcon_core.environment:checking '/home/rhyloo/Documents/Universidad/CyPR/ROS/dev_ws/install/first_pkg' for CMake module files
[8.796s] Level 1:colcon.colcon_core.environment:checking '/home/rhyloo/Documents/Universidad/CyPR/ROS/dev_ws/install/first_pkg' for CMake config files
[8.797s] Level 1:colcon.colcon_core.shell:create_environment_hook('first_pkg', 'cmake_prefix_path')
[8.798s] INFO:colcon.colcon_core.shell:Creating environment hook '/home/rhyloo/Documents/Universidad/CyPR/ROS/dev_ws/install/first_pkg/share/first_pkg/hook/cmake_prefix_path.ps1'
[8.798s] INFO:colcon.colcon_core.shell:Creating environment descriptor '/home/rhyloo/Documents/Universidad/CyPR/ROS/dev_ws/install/first_pkg/share/first_pkg/hook/cmake_prefix_path.dsv'
[8.799s] INFO:colcon.colcon_core.shell:Creating environment hook '/home/rhyloo/Documents/Universidad/CyPR/ROS/dev_ws/install/first_pkg/share/first_pkg/hook/cmake_prefix_path.sh'
[8.800s] Level 1:colcon.colcon_core.environment:checking '/home/rhyloo/Documents/Universidad/CyPR/ROS/dev_ws/install/first_pkg/lib'
[8.800s] Level 1:colcon.colcon_core.environment:checking '/home/rhyloo/Documents/Universidad/CyPR/ROS/dev_ws/install/first_pkg/bin'
[8.800s] Level 1:colcon.colcon_core.environment:checking '/home/rhyloo/Documents/Universidad/CyPR/ROS/dev_ws/install/first_pkg/lib/pkgconfig/first_pkg.pc'
[8.800s] Level 1:colcon.colcon_core.environment:checking '/home/rhyloo/Documents/Universidad/CyPR/ROS/dev_ws/install/first_pkg/lib/python3.10/site-packages'
[8.800s] Level 1:colcon.colcon_core.environment:checking '/home/rhyloo/Documents/Universidad/CyPR/ROS/dev_ws/install/first_pkg/bin'
[8.801s] INFO:colcon.colcon_core.shell:Creating package script '/home/rhyloo/Documents/Universidad/CyPR/ROS/dev_ws/install/first_pkg/share/first_pkg/package.ps1'
[8.802s] INFO:colcon.colcon_core.shell:Creating package descriptor '/home/rhyloo/Documents/Universidad/CyPR/ROS/dev_ws/install/first_pkg/share/first_pkg/package.dsv'
[8.802s] INFO:colcon.colcon_core.shell:Creating package script '/home/rhyloo/Documents/Universidad/CyPR/ROS/dev_ws/install/first_pkg/share/first_pkg/package.sh'
[8.803s] INFO:colcon.colcon_core.shell:Creating package script '/home/rhyloo/Documents/Universidad/CyPR/ROS/dev_ws/install/first_pkg/share/first_pkg/package.bash'
[8.803s] INFO:colcon.colcon_core.shell:Creating package script '/home/rhyloo/Documents/Universidad/CyPR/ROS/dev_ws/install/first_pkg/share/first_pkg/package.zsh'
[8.804s] Level 1:colcon.colcon_core.environment:create_file_with_runtime_dependencies(/home/rhyloo/Documents/Universidad/CyPR/ROS/dev_ws/install/first_pkg/share/colcon-core/packages/first_pkg)
[8.830s] Level 1:colcon.colcon_core.environment:create_environment_scripts_only(first_pkg)
[8.832s] Level 1:colcon.colcon_core.environment:checking '/home/rhyloo/Documents/Universidad/CyPR/ROS/dev_ws/install/first_pkg' for CMake module files
[8.832s] Level 1:colcon.colcon_core.environment:checking '/home/rhyloo/Documents/Universidad/CyPR/ROS/dev_ws/install/first_pkg' for CMake config files
[8.832s] Level 1:colcon.colcon_core.shell:create_environment_hook('first_pkg', 'cmake_prefix_path')
[8.833s] INFO:colcon.colcon_core.shell:Creating environment hook '/home/rhyloo/Documents/Universidad/CyPR/ROS/dev_ws/install/first_pkg/share/first_pkg/hook/cmake_prefix_path.ps1'
[8.834s] INFO:colcon.colcon_core.shell:Creating environment descriptor '/home/rhyloo/Documents/Universidad/CyPR/ROS/dev_ws/install/first_pkg/share/first_pkg/hook/cmake_prefix_path.dsv'
[8.834s] INFO:colcon.colcon_core.shell:Creating environment hook '/home/rhyloo/Documents/Universidad/CyPR/ROS/dev_ws/install/first_pkg/share/first_pkg/hook/cmake_prefix_path.sh'
[8.834s] Level 1:colcon.colcon_core.environment:checking '/home/rhyloo/Documents/Universidad/CyPR/ROS/dev_ws/install/first_pkg/lib'
[8.834s] Level 1:colcon.colcon_core.environment:checking '/home/rhyloo/Documents/Universidad/CyPR/ROS/dev_ws/install/first_pkg/bin'
[8.834s] Level 1:colcon.colcon_core.environment:checking '/home/rhyloo/Documents/Universidad/CyPR/ROS/dev_ws/install/first_pkg/lib/pkgconfig/first_pkg.pc'
[8.835s] Level 1:colcon.colcon_core.environment:checking '/home/rhyloo/Documents/Universidad/CyPR/ROS/dev_ws/install/first_pkg/lib/python3.10/site-packages'
[8.835s] Level 1:colcon.colcon_core.environment:checking '/home/rhyloo/Documents/Universidad/CyPR/ROS/dev_ws/install/first_pkg/bin'
[8.836s] INFO:colcon.colcon_core.shell:Creating package script '/home/rhyloo/Documents/Universidad/CyPR/ROS/dev_ws/install/first_pkg/share/first_pkg/package.ps1'
[8.836s] INFO:colcon.colcon_core.shell:Creating package descriptor '/home/rhyloo/Documents/Universidad/CyPR/ROS/dev_ws/install/first_pkg/share/first_pkg/package.dsv'
[8.837s] INFO:colcon.colcon_core.shell:Creating package script '/home/rhyloo/Documents/Universidad/CyPR/ROS/dev_ws/install/first_pkg/share/first_pkg/package.sh'
[8.837s] INFO:colcon.colcon_core.shell:Creating package script '/home/rhyloo/Documents/Universidad/CyPR/ROS/dev_ws/install/first_pkg/share/first_pkg/package.bash'
[8.838s] INFO:colcon.colcon_core.shell:Creating package script '/home/rhyloo/Documents/Universidad/CyPR/ROS/dev_ws/install/first_pkg/share/first_pkg/package.zsh'
[8.838s] Level 1:colcon.colcon_core.environment:create_file_with_runtime_dependencies(/home/rhyloo/Documents/Universidad/CyPR/ROS/dev_ws/install/first_pkg/share/colcon-core/packages/first_pkg)
[8.838s] DEBUG:colcon.colcon_parallel_executor.executor.parallel:closing loop
[8.838s] DEBUG:colcon.colcon_parallel_executor.executor.parallel:loop closed
[8.838s] DEBUG:colcon.colcon_parallel_executor.executor.parallel:run_until_complete finished with '0'
[8.838s] DEBUG:colcon.colcon_core.event_reactor:joining thread
[8.845s] INFO:colcon.colcon_core.plugin_system:Skipping extension 'colcon_notification.desktop_notification.terminal_notifier': Not used on non-Darwin systems
[8.845s] INFO:colcon.colcon_core.plugin_system:Skipping extension 'colcon_notification.desktop_notification.win32': Not used on non-Windows systems
[8.845s] INFO:colcon.colcon_notification.desktop_notification:Sending desktop notification using 'notify2'
[8.854s] DEBUG:colcon.colcon_core.event_reactor:joined thread
[8.856s] INFO:colcon.colcon_core.shell:Creating prefix script '/home/rhyloo/Documents/Universidad/CyPR/ROS/dev_ws/install/local_setup.ps1'
[8.858s] INFO:colcon.colcon_core.shell:Creating prefix util module '/home/rhyloo/Documents/Universidad/CyPR/ROS/dev_ws/install/_local_setup_util_ps1.py'
[8.860s] INFO:colcon.colcon_core.shell:Creating prefix chain script '/home/rhyloo/Documents/Universidad/CyPR/ROS/dev_ws/install/setup.ps1'
[8.861s] INFO:colcon.colcon_core.shell:Creating prefix script '/home/rhyloo/Documents/Universidad/CyPR/ROS/dev_ws/install/local_setup.sh'
[8.862s] INFO:colcon.colcon_core.shell:Creating prefix util module '/home/rhyloo/Documents/Universidad/CyPR/ROS/dev_ws/install/_local_setup_util_sh.py'
[8.862s] INFO:colcon.colcon_core.shell:Creating prefix chain script '/home/rhyloo/Documents/Universidad/CyPR/ROS/dev_ws/install/setup.sh'
[8.864s] INFO:colcon.colcon_core.shell:Creating prefix script '/home/rhyloo/Documents/Universidad/CyPR/ROS/dev_ws/install/local_setup.bash'
[8.864s] INFO:colcon.colcon_core.shell:Creating prefix chain script '/home/rhyloo/Documents/Universidad/CyPR/ROS/dev_ws/install/setup.bash'
[8.865s] INFO:colcon.colcon_core.shell:Creating prefix script '/home/rhyloo/Documents/Universidad/CyPR/ROS/dev_ws/install/local_setup.zsh'
[8.866s] INFO:colcon.colcon_core.shell:Creating prefix chain script '/home/rhyloo/Documents/Universidad/CyPR/ROS/dev_ws/install/setup.zsh'
