[0.592s] DEBUG:colcon:Command line arguments: ['/usr/bin/colcon', 'build']
[0.592s] DEBUG:colcon:Parsed command line arguments: Namespace(log_base=None, log_level=None, verb_name='build', build_base='build', install_base='install', merge_install=False, symlink_install=False, test_result_base=None, continue_on_error=False, executor='parallel', parallel_workers=8, event_handlers=None, ignore_user_meta=False, metas=['./colcon.meta'], base_paths=['.'], packages_ignore=None, packages_ignore_regex=None, paths=None, packages_up_to=None, packages_up_to_regex=None, packages_above=None, packages_above_and_dependencies=None, packages_above_depth=None, packages_select_by_dep=None, packages_skip_by_dep=None, packages_skip_up_to=None, packages_select_build_failed=False, packages_skip_build_finished=False, packages_select_test_failures=False, packages_skip_test_passed=False, packages_select=None, packages_skip=None, packages_select_regex=None, packages_skip_regex=None, packages_start=None, packages_end=None, allow_overriding=[], cmake_args=None, cmake_target=None, cmake_target_skip_unavailable=False, cmake_clean_cache=False, cmake_clean_first=False, cmake_force_configure=False, ament_cmake_args=None, catkin_cmake_args=None, catkin_skip_building_tests=False, verb_parser=<colcon_defaults.argument_parser.defaults.DefaultArgumentsDecorator object at 0x7f17361e9f60>, verb_extension=<colcon_core.verb.build.BuildVerb object at 0x7f1736b03580>, main=<bound method BuildVerb.main of <colcon_core.verb.build.BuildVerb object at 0x7f1736b03580>>)
[0.643s] Level 1:colcon.colcon_core.package_discovery:discover_packages(colcon_meta) check parameters
[0.643s] Level 1:colcon.colcon_core.package_discovery:discover_packages(recursive) check parameters
[0.643s] Level 1:colcon.colcon_core.package_discovery:discover_packages(ignore) check parameters
[0.643s] Level 1:colcon.colcon_core.package_discovery:discover_packages(path) check parameters
[0.643s] Level 1:colcon.colcon_core.package_discovery:discover_packages(colcon_meta) discover
[0.643s] Level 1:colcon.colcon_core.package_discovery:discover_packages(recursive) discover
[0.643s] INFO:colcon.colcon_core.package_discovery:Crawling recursively for packages in '/home/rhyloo/Documents/Universidad/CyPR/ROS/dev_ws'
[0.643s] Level 1:colcon.colcon_core.package_identification:_identify(.) by extensions ['ignore', 'ignore_ament_install']
[0.643s] Level 1:colcon.colcon_core.package_identification:_identify(.) by extension 'ignore'
[0.643s] Level 1:colcon.colcon_core.package_identification:_identify(.) by extension 'ignore_ament_install'
[0.643s] Level 1:colcon.colcon_core.package_identification:_identify(.) by extensions ['colcon_pkg']
[0.643s] Level 1:colcon.colcon_core.package_identification:_identify(.) by extension 'colcon_pkg'
[0.643s] Level 1:colcon.colcon_core.package_identification:_identify(.) by extensions ['colcon_meta']
[0.643s] Level 1:colcon.colcon_core.package_identification:_identify(.) by extension 'colcon_meta'
[0.643s] Level 1:colcon.colcon_core.package_identification:_identify(.) by extensions ['ros']
[0.643s] Level 1:colcon.colcon_core.package_identification:_identify(.) by extension 'ros'
[0.664s] Level 1:colcon.colcon_core.package_identification:_identify(.) by extensions ['cmake', 'python']
[0.664s] Level 1:colcon.colcon_core.package_identification:_identify(.) by extension 'cmake'
[0.664s] Level 1:colcon.colcon_core.package_identification:_identify(.) by extension 'python'
[0.664s] Level 1:colcon.colcon_core.package_identification:_identify(.) by extensions ['python_setup_py']
[0.664s] Level 1:colcon.colcon_core.package_identification:_identify(.) by extension 'python_setup_py'
[0.665s] Level 1:colcon.colcon_core.package_identification:_identify(build) by extensions ['ignore', 'ignore_ament_install']
[0.665s] Level 1:colcon.colcon_core.package_identification:_identify(build) by extension 'ignore'
[0.665s] Level 1:colcon.colcon_core.package_identification:_identify(build) ignored
[0.665s] Level 1:colcon.colcon_core.package_identification:_identify(install) by extensions ['ignore', 'ignore_ament_install']
[0.666s] Level 1:colcon.colcon_core.package_identification:_identify(install) by extension 'ignore'
[0.666s] Level 1:colcon.colcon_core.package_identification:_identify(install) ignored
[0.666s] Level 1:colcon.colcon_core.package_identification:_identify(log) by extensions ['ignore', 'ignore_ament_install']
[0.667s] Level 1:colcon.colcon_core.package_identification:_identify(log) by extension 'ignore'
[0.667s] Level 1:colcon.colcon_core.package_identification:_identify(log) ignored
[0.668s] Level 1:colcon.colcon_core.package_identification:_identify(src) by extensions ['ignore', 'ignore_ament_install']
[0.668s] Level 1:colcon.colcon_core.package_identification:_identify(src) by extension 'ignore'
[0.668s] Level 1:colcon.colcon_core.package_identification:_identify(src) by extension 'ignore_ament_install'
[0.668s] Level 1:colcon.colcon_core.package_identification:_identify(src) by extensions ['colcon_pkg']
[0.669s] Level 1:colcon.colcon_core.package_identification:_identify(src) by extension 'colcon_pkg'
[0.669s] Level 1:colcon.colcon_core.package_identification:_identify(src) by extensions ['colcon_meta']
[0.669s] Level 1:colcon.colcon_core.package_identification:_identify(src) by extension 'colcon_meta'
[0.669s] Level 1:colcon.colcon_core.package_identification:_identify(src) by extensions ['ros']
[0.669s] Level 1:colcon.colcon_core.package_identification:_identify(src) by extension 'ros'
[0.669s] Level 1:colcon.colcon_core.package_identification:_identify(src) by extensions ['cmake', 'python']
[0.669s] Level 1:colcon.colcon_core.package_identification:_identify(src) by extension 'cmake'
[0.669s] Level 1:colcon.colcon_core.package_identification:_identify(src) by extension 'python'
[0.669s] Level 1:colcon.colcon_core.package_identification:_identify(src) by extensions ['python_setup_py']
[0.669s] Level 1:colcon.colcon_core.package_identification:_identify(src) by extension 'python_setup_py'
[0.669s] Level 1:colcon.colcon_core.package_identification:_identify(src/first_pkg) by extensions ['ignore', 'ignore_ament_install']
[0.669s] Level 1:colcon.colcon_core.package_identification:_identify(src/first_pkg) by extension 'ignore'
[0.669s] Level 1:colcon.colcon_core.package_identification:_identify(src/first_pkg) by extension 'ignore_ament_install'
[0.670s] Level 1:colcon.colcon_core.package_identification:_identify(src/first_pkg) by extensions ['colcon_pkg']
[0.670s] Level 1:colcon.colcon_core.package_identification:_identify(src/first_pkg) by extension 'colcon_pkg'
[0.670s] Level 1:colcon.colcon_core.package_identification:_identify(src/first_pkg) by extensions ['colcon_meta']
[0.670s] Level 1:colcon.colcon_core.package_identification:_identify(src/first_pkg) by extension 'colcon_meta'
[0.670s] Level 1:colcon.colcon_core.package_identification:_identify(src/first_pkg) by extensions ['ros']
[0.670s] Level 1:colcon.colcon_core.package_identification:_identify(src/first_pkg) by extension 'ros'
[0.672s] DEBUG:colcon.colcon_core.package_identification:Package 'src/first_pkg' with type 'ros.ament_cmake' and name 'first_pkg'
[0.672s] Level 1:colcon.colcon_core.package_discovery:discover_packages(recursive) using defaults
[0.672s] Level 1:colcon.colcon_core.package_discovery:discover_packages(ignore) discover
[0.672s] Level 1:colcon.colcon_core.package_discovery:discover_packages(ignore) using defaults
[0.672s] Level 1:colcon.colcon_core.package_discovery:discover_packages(path) discover
[0.672s] Level 1:colcon.colcon_core.package_discovery:discover_packages(path) using defaults
[0.711s] Level 1:colcon.colcon_core.package_discovery:discover_packages(prefix_path) check parameters
[0.711s] Level 1:colcon.colcon_core.package_discovery:discover_packages(prefix_path) discover
[0.723s] DEBUG:colcon.colcon_installed_package_information.package_discovery:Found 1 installed packages in /home/rhyloo/Documents/Universidad/CyPR/ROS/dev_ws/install
[0.724s] DEBUG:colcon.colcon_installed_package_information.package_discovery:Found 270 installed packages in /opt/ros/humble
[0.726s] Level 1:colcon.colcon_core.package_discovery:discover_packages(prefix_path) using defaults
[0.822s] Level 5:colcon.colcon_core.verb:set package 'first_pkg' build argument 'cmake_args' from command line to 'None'
[0.823s] Level 5:colcon.colcon_core.verb:set package 'first_pkg' build argument 'cmake_target' from command line to 'None'
[0.823s] Level 5:colcon.colcon_core.verb:set package 'first_pkg' build argument 'cmake_target_skip_unavailable' from command line to 'False'
[0.823s] Level 5:colcon.colcon_core.verb:set package 'first_pkg' build argument 'cmake_clean_cache' from command line to 'False'
[0.823s] Level 5:colcon.colcon_core.verb:set package 'first_pkg' build argument 'cmake_clean_first' from command line to 'False'
[0.823s] Level 5:colcon.colcon_core.verb:set package 'first_pkg' build argument 'cmake_force_configure' from command line to 'False'
[0.823s] Level 5:colcon.colcon_core.verb:set package 'first_pkg' build argument 'ament_cmake_args' from command line to 'None'
[0.823s] Level 5:colcon.colcon_core.verb:set package 'first_pkg' build argument 'catkin_cmake_args' from command line to 'None'
[0.823s] Level 5:colcon.colcon_core.verb:set package 'first_pkg' build argument 'catkin_skip_building_tests' from command line to 'False'
[0.823s] DEBUG:colcon.colcon_core.verb:Building package 'first_pkg' with the following arguments: {'ament_cmake_args': None, 'build_base': '/home/rhyloo/Documents/Universidad/CyPR/ROS/dev_ws/build/first_pkg', 'catkin_cmake_args': None, 'catkin_skip_building_tests': False, 'cmake_args': None, 'cmake_clean_cache': False, 'cmake_clean_first': False, 'cmake_force_configure': False, 'cmake_target': None, 'cmake_target_skip_unavailable': False, 'install_base': '/home/rhyloo/Documents/Universidad/CyPR/ROS/dev_ws/install/first_pkg', 'merge_install': False, 'path': '/home/rhyloo/Documents/Universidad/CyPR/ROS/dev_ws/src/first_pkg', 'symlink_install': False, 'test_result_base': None}
[0.824s] INFO:colcon.colcon_core.executor:Executing jobs using 'parallel' executor
[0.829s] DEBUG:colcon.colcon_parallel_executor.executor.parallel:run_until_complete
[0.830s] INFO:colcon.colcon_ros.task.ament_cmake.build:Building ROS package in '/home/rhyloo/Documents/Universidad/CyPR/ROS/dev_ws/src/first_pkg' with build type 'ament_cmake'
[0.830s] INFO:colcon.colcon_cmake.task.cmake.build:Building CMake package in '/home/rhyloo/Documents/Universidad/CyPR/ROS/dev_ws/src/first_pkg'
[0.836s] INFO:colcon.colcon_core.plugin_system:Skipping extension 'colcon_core.shell.bat': Not used on non-Windows systems
[0.836s] INFO:colcon.colcon_core.shell:Skip shell extension 'powershell' for command environment: Not usable outside of PowerShell
[0.836s] DEBUG:colcon.colcon_core.shell:Skip shell extension 'dsv' for command environment
[0.849s] DEBUG:colcon.colcon_core.event_handler.log_command:Invoking command in '/home/rhyloo/Documents/Universidad/CyPR/ROS/dev_ws/build/first_pkg': CMAKE_PREFIX_PATH=${CMAKE_PREFIX_PATH}:/opt/ros/humble /usr/bin/cmake --build /home/rhyloo/Documents/Universidad/CyPR/ROS/dev_ws/build/first_pkg -- -j8 -l8
[0.990s] DEBUG:colcon.colcon_core.event_handler.log_command:Invoked command in '/home/rhyloo/Documents/Universidad/CyPR/ROS/dev_ws/build/first_pkg' returned '0': CMAKE_PREFIX_PATH=${CMAKE_PREFIX_PATH}:/opt/ros/humble /usr/bin/cmake --build /home/rhyloo/Documents/Universidad/CyPR/ROS/dev_ws/build/first_pkg -- -j8 -l8
[1.056s] DEBUG:colcon.colcon_core.event_handler.log_command:Invoking command in '/home/rhyloo/Documents/Universidad/CyPR/ROS/dev_ws/build/first_pkg': CMAKE_PREFIX_PATH=${CMAKE_PREFIX_PATH}:/opt/ros/humble /usr/bin/cmake --install /home/rhyloo/Documents/Universidad/CyPR/ROS/dev_ws/build/first_pkg
[1.069s] Level 1:colcon.colcon_core.environment:create_environment_scripts_only(first_pkg)
[1.074s] DEBUG:colcon.colcon_core.event_handler.log_command:Invoked command in '/home/rhyloo/Documents/Universidad/CyPR/ROS/dev_ws/build/first_pkg' returned '0': CMAKE_PREFIX_PATH=${CMAKE_PREFIX_PATH}:/opt/ros/humble /usr/bin/cmake --install /home/rhyloo/Documents/Universidad/CyPR/ROS/dev_ws/build/first_pkg
[1.081s] Level 1:colcon.colcon_core.environment:checking '/home/rhyloo/Documents/Universidad/CyPR/ROS/dev_ws/install/first_pkg' for CMake module files
[1.083s] Level 1:colcon.colcon_core.environment:checking '/home/rhyloo/Documents/Universidad/CyPR/ROS/dev_ws/install/first_pkg' for CMake config files
[1.084s] Level 1:colcon.colcon_core.shell:create_environment_hook('first_pkg', 'cmake_prefix_path')
[1.089s] INFO:colcon.colcon_core.shell:Creating environment hook '/home/rhyloo/Documents/Universidad/CyPR/ROS/dev_ws/install/first_pkg/share/first_pkg/hook/cmake_prefix_path.ps1'
[1.090s] INFO:colcon.colcon_core.shell:Creating environment descriptor '/home/rhyloo/Documents/Universidad/CyPR/ROS/dev_ws/install/first_pkg/share/first_pkg/hook/cmake_prefix_path.dsv'
[1.090s] INFO:colcon.colcon_core.shell:Creating environment hook '/home/rhyloo/Documents/Universidad/CyPR/ROS/dev_ws/install/first_pkg/share/first_pkg/hook/cmake_prefix_path.sh'
[1.091s] Level 1:colcon.colcon_core.environment:checking '/home/rhyloo/Documents/Universidad/CyPR/ROS/dev_ws/install/first_pkg/lib'
[1.091s] Level 1:colcon.colcon_core.environment:checking '/home/rhyloo/Documents/Universidad/CyPR/ROS/dev_ws/install/first_pkg/bin'
[1.091s] Level 1:colcon.colcon_core.environment:checking '/home/rhyloo/Documents/Universidad/CyPR/ROS/dev_ws/install/first_pkg/lib/pkgconfig/first_pkg.pc'
[1.092s] Level 1:colcon.colcon_core.environment:checking '/home/rhyloo/Documents/Universidad/CyPR/ROS/dev_ws/install/first_pkg/lib/python3.10/site-packages'
[1.092s] Level 1:colcon.colcon_core.environment:checking '/home/rhyloo/Documents/Universidad/CyPR/ROS/dev_ws/install/first_pkg/bin'
[1.094s] INFO:colcon.colcon_core.shell:Creating package script '/home/rhyloo/Documents/Universidad/CyPR/ROS/dev_ws/install/first_pkg/share/first_pkg/package.ps1'
[1.095s] INFO:colcon.colcon_core.shell:Creating package descriptor '/home/rhyloo/Documents/Universidad/CyPR/ROS/dev_ws/install/first_pkg/share/first_pkg/package.dsv'
[1.095s] INFO:colcon.colcon_core.shell:Creating package script '/home/rhyloo/Documents/Universidad/CyPR/ROS/dev_ws/install/first_pkg/share/first_pkg/package.sh'
[1.096s] INFO:colcon.colcon_core.shell:Creating package script '/home/rhyloo/Documents/Universidad/CyPR/ROS/dev_ws/install/first_pkg/share/first_pkg/package.bash'
[1.096s] INFO:colcon.colcon_core.shell:Creating package script '/home/rhyloo/Documents/Universidad/CyPR/ROS/dev_ws/install/first_pkg/share/first_pkg/package.zsh'
[1.097s] Level 1:colcon.colcon_core.environment:create_file_with_runtime_dependencies(/home/rhyloo/Documents/Universidad/CyPR/ROS/dev_ws/install/first_pkg/share/colcon-core/packages/first_pkg)
[1.146s] Level 1:colcon.colcon_core.environment:create_environment_scripts_only(first_pkg)
[1.150s] Level 1:colcon.colcon_core.environment:checking '/home/rhyloo/Documents/Universidad/CyPR/ROS/dev_ws/install/first_pkg' for CMake module files
[1.151s] Level 1:colcon.colcon_core.environment:checking '/home/rhyloo/Documents/Universidad/CyPR/ROS/dev_ws/install/first_pkg' for CMake config files
[1.151s] Level 1:colcon.colcon_core.shell:create_environment_hook('first_pkg', 'cmake_prefix_path')
[1.155s] INFO:colcon.colcon_core.shell:Creating environment hook '/home/rhyloo/Documents/Universidad/CyPR/ROS/dev_ws/install/first_pkg/share/first_pkg/hook/cmake_prefix_path.ps1'
[1.159s] INFO:colcon.colcon_core.shell:Creating environment descriptor '/home/rhyloo/Documents/Universidad/CyPR/ROS/dev_ws/install/first_pkg/share/first_pkg/hook/cmake_prefix_path.dsv'
[1.159s] INFO:colcon.colcon_core.shell:Creating environment hook '/home/rhyloo/Documents/Universidad/CyPR/ROS/dev_ws/install/first_pkg/share/first_pkg/hook/cmake_prefix_path.sh'
[1.161s] Level 1:colcon.colcon_core.environment:checking '/home/rhyloo/Documents/Universidad/CyPR/ROS/dev_ws/install/first_pkg/lib'
[1.162s] Level 1:colcon.colcon_core.environment:checking '/home/rhyloo/Documents/Universidad/CyPR/ROS/dev_ws/install/first_pkg/bin'
[1.162s] Level 1:colcon.colcon_core.environment:checking '/home/rhyloo/Documents/Universidad/CyPR/ROS/dev_ws/install/first_pkg/lib/pkgconfig/first_pkg.pc'
[1.162s] Level 1:colcon.colcon_core.environment:checking '/home/rhyloo/Documents/Universidad/CyPR/ROS/dev_ws/install/first_pkg/lib/python3.10/site-packages'
[1.163s] Level 1:colcon.colcon_core.environment:checking '/home/rhyloo/Documents/Universidad/CyPR/ROS/dev_ws/install/first_pkg/bin'
[1.165s] INFO:colcon.colcon_core.shell:Creating package script '/home/rhyloo/Documents/Universidad/CyPR/ROS/dev_ws/install/first_pkg/share/first_pkg/package.ps1'
[1.166s] INFO:colcon.colcon_core.shell:Creating package descriptor '/home/rhyloo/Documents/Universidad/CyPR/ROS/dev_ws/install/first_pkg/share/first_pkg/package.dsv'
[1.168s] INFO:colcon.colcon_core.shell:Creating package script '/home/rhyloo/Documents/Universidad/CyPR/ROS/dev_ws/install/first_pkg/share/first_pkg/package.sh'
[1.169s] INFO:colcon.colcon_core.shell:Creating package script '/home/rhyloo/Documents/Universidad/CyPR/ROS/dev_ws/install/first_pkg/share/first_pkg/package.bash'
[1.170s] INFO:colcon.colcon_core.shell:Creating package script '/home/rhyloo/Documents/Universidad/CyPR/ROS/dev_ws/install/first_pkg/share/first_pkg/package.zsh'
[1.171s] Level 1:colcon.colcon_core.environment:create_file_with_runtime_dependencies(/home/rhyloo/Documents/Universidad/CyPR/ROS/dev_ws/install/first_pkg/share/colcon-core/packages/first_pkg)
[1.171s] DEBUG:colcon.colcon_parallel_executor.executor.parallel:closing loop
[1.171s] DEBUG:colcon.colcon_parallel_executor.executor.parallel:loop closed
[1.172s] DEBUG:colcon.colcon_parallel_executor.executor.parallel:run_until_complete finished with '0'
[1.172s] DEBUG:colcon.colcon_core.event_reactor:joining thread
[1.181s] INFO:colcon.colcon_core.plugin_system:Skipping extension 'colcon_notification.desktop_notification.terminal_notifier': Not used on non-Darwin systems
[1.181s] INFO:colcon.colcon_core.plugin_system:Skipping extension 'colcon_notification.desktop_notification.win32': Not used on non-Windows systems
[1.181s] INFO:colcon.colcon_notification.desktop_notification:Sending desktop notification using 'notify2'
[1.192s] DEBUG:colcon.colcon_core.event_reactor:joined thread
[1.194s] INFO:colcon.colcon_core.shell:Creating prefix script '/home/rhyloo/Documents/Universidad/CyPR/ROS/dev_ws/install/local_setup.ps1'
[1.197s] INFO:colcon.colcon_core.shell:Creating prefix util module '/home/rhyloo/Documents/Universidad/CyPR/ROS/dev_ws/install/_local_setup_util_ps1.py'
[1.199s] INFO:colcon.colcon_core.shell:Creating prefix chain script '/home/rhyloo/Documents/Universidad/CyPR/ROS/dev_ws/install/setup.ps1'
[1.204s] INFO:colcon.colcon_core.shell:Creating prefix script '/home/rhyloo/Documents/Universidad/CyPR/ROS/dev_ws/install/local_setup.sh'
[1.205s] INFO:colcon.colcon_core.shell:Creating prefix util module '/home/rhyloo/Documents/Universidad/CyPR/ROS/dev_ws/install/_local_setup_util_sh.py'
[1.206s] INFO:colcon.colcon_core.shell:Creating prefix chain script '/home/rhyloo/Documents/Universidad/CyPR/ROS/dev_ws/install/setup.sh'
[1.208s] INFO:colcon.colcon_core.shell:Creating prefix script '/home/rhyloo/Documents/Universidad/CyPR/ROS/dev_ws/install/local_setup.bash'
[1.209s] INFO:colcon.colcon_core.shell:Creating prefix chain script '/home/rhyloo/Documents/Universidad/CyPR/ROS/dev_ws/install/setup.bash'
[1.211s] INFO:colcon.colcon_core.shell:Creating prefix script '/home/rhyloo/Documents/Universidad/CyPR/ROS/dev_ws/install/local_setup.zsh'
[1.211s] INFO:colcon.colcon_core.shell:Creating prefix chain script '/home/rhyloo/Documents/Universidad/CyPR/ROS/dev_ws/install/setup.zsh'
