[0.013s] Invoking command in '/home/rhyloo/Documents/Universidad/CyPR/ROS/dev_ws/build/first_pkg': CMAKE_PREFIX_PATH=/opt/ros/humble /usr/bin/cmake --build /home/rhyloo/Documents/Universidad/CyPR/ROS/dev_ws/build/first_pkg -- -j8 -l8
[0.047s] [35m[1mConsolidate compiler generated dependencies of target hello[0m
[0.047s] [35m[1mConsolidate compiler generated dependencies of target controller[0m
[0.056s] [ 50%] Built target hello
[0.062s] [100%] Built target controller
[0.071s] Invoked command in '/home/rhyloo/Documents/Universidad/CyPR/ROS/dev_ws/build/first_pkg' returned '0': CMAKE_PREFIX_PATH=/opt/ros/humble /usr/bin/cmake --build /home/rhyloo/Documents/Universidad/CyPR/ROS/dev_ws/build/first_pkg -- -j8 -l8
[0.100s] Invoking command in '/home/rhyloo/Documents/Universidad/CyPR/ROS/dev_ws/build/first_pkg': CMAKE_PREFIX_PATH=/opt/ros/humble /usr/bin/cmake --install /home/rhyloo/Documents/Universidad/CyPR/ROS/dev_ws/build/first_pkg
[0.105s] -- Install configuration: ""
[0.105s] -- Up-to-date: /home/rhyloo/Documents/Universidad/CyPR/ROS/dev_ws/install/first_pkg/lib/first_pkg/hello
[0.105s] -- Up-to-date: /home/rhyloo/Documents/Universidad/CyPR/ROS/dev_ws/install/first_pkg/lib/first_pkg/controller
[0.106s] -- Up-to-date: /home/rhyloo/Documents/Universidad/CyPR/ROS/dev_ws/install/first_pkg/share/ament_index/resource_index/package_run_dependencies/first_pkg
[0.106s] -- Up-to-date: /home/rhyloo/Documents/Universidad/CyPR/ROS/dev_ws/install/first_pkg/share/ament_index/resource_index/parent_prefix_path/first_pkg
[0.106s] -- Up-to-date: /home/rhyloo/Documents/Universidad/CyPR/ROS/dev_ws/install/first_pkg/share/first_pkg/environment/ament_prefix_path.sh
[0.106s] -- Up-to-date: /home/rhyloo/Documents/Universidad/CyPR/ROS/dev_ws/install/first_pkg/share/first_pkg/environment/ament_prefix_path.dsv
[0.106s] -- Up-to-date: /home/rhyloo/Documents/Universidad/CyPR/ROS/dev_ws/install/first_pkg/share/first_pkg/environment/path.sh
[0.106s] -- Up-to-date: /home/rhyloo/Documents/Universidad/CyPR/ROS/dev_ws/install/first_pkg/share/first_pkg/environment/path.dsv
[0.106s] -- Up-to-date: /home/rhyloo/Documents/Universidad/CyPR/ROS/dev_ws/install/first_pkg/share/first_pkg/local_setup.bash
[0.106s] -- Up-to-date: /home/rhyloo/Documents/Universidad/CyPR/ROS/dev_ws/install/first_pkg/share/first_pkg/local_setup.sh
[0.106s] -- Up-to-date: /home/rhyloo/Documents/Universidad/CyPR/ROS/dev_ws/install/first_pkg/share/first_pkg/local_setup.zsh
[0.106s] -- Up-to-date: /home/rhyloo/Documents/Universidad/CyPR/ROS/dev_ws/install/first_pkg/share/first_pkg/local_setup.dsv
[0.107s] -- Installing: /home/rhyloo/Documents/Universidad/CyPR/ROS/dev_ws/install/first_pkg/share/first_pkg/package.dsv
[0.107s] -- Up-to-date: /home/rhyloo/Documents/Universidad/CyPR/ROS/dev_ws/install/first_pkg/share/ament_index/resource_index/packages/first_pkg
[0.107s] -- Up-to-date: /home/rhyloo/Documents/Universidad/CyPR/ROS/dev_ws/install/first_pkg/share/first_pkg/cmake/first_pkgConfig.cmake
[0.107s] -- Up-to-date: /home/rhyloo/Documents/Universidad/CyPR/ROS/dev_ws/install/first_pkg/share/first_pkg/cmake/first_pkgConfig-version.cmake
[0.107s] -- Up-to-date: /home/rhyloo/Documents/Universidad/CyPR/ROS/dev_ws/install/first_pkg/share/first_pkg/package.xml
[0.108s] Invoked command in '/home/rhyloo/Documents/Universidad/CyPR/ROS/dev_ws/build/first_pkg' returned '0': CMAKE_PREFIX_PATH=/opt/ros/humble /usr/bin/cmake --install /home/rhyloo/Documents/Universidad/CyPR/ROS/dev_ws/build/first_pkg
