[0.014s] Invoking command in '/home/rhyloo/Documents/Universidad/CyPR/ROS/dev_ws/build/first_pkg': CMAKE_PREFIX_PATH=${CMAKE_PREFIX_PATH}:/opt/ros/humble /usr/bin/cmake --build /home/rhyloo/Documents/Universidad/CyPR/ROS/dev_ws/build/first_pkg -- -j8 -l8
[0.048s] [35m[1mConsolidate compiler generated dependencies of target actuator[0m
[0.058s] [ 50%] [32mBuilding CXX object CMakeFiles/keyController.dir/src/keyController.cpp.o[0m
[0.059s] [ 50%] Built target randomController
[0.065s] [ 83%] Built target actuator
[3.812s] [100%] [32m[1mLinking CXX executable keyController[0m
[3.972s] [100%] Built target keyController
[3.981s] Invoked command in '/home/rhyloo/Documents/Universidad/CyPR/ROS/dev_ws/build/first_pkg' returned '0': CMAKE_PREFIX_PATH=${CMAKE_PREFIX_PATH}:/opt/ros/humble /usr/bin/cmake --build /home/rhyloo/Documents/Universidad/CyPR/ROS/dev_ws/build/first_pkg -- -j8 -l8
[4.013s] Invoking command in '/home/rhyloo/Documents/Universidad/CyPR/ROS/dev_ws/build/first_pkg': CMAKE_PREFIX_PATH=${CMAKE_PREFIX_PATH}:/opt/ros/humble /usr/bin/cmake --install /home/rhyloo/Documents/Universidad/CyPR/ROS/dev_ws/build/first_pkg
[4.019s] -- Install configuration: ""
[4.019s] -- Up-to-date: /home/rhyloo/Documents/Universidad/CyPR/ROS/dev_ws/install/first_pkg/lib/first_pkg/randomController
[4.019s] -- Up-to-date: /home/rhyloo/Documents/Universidad/CyPR/ROS/dev_ws/install/first_pkg/lib/first_pkg/actuator
[4.019s] -- Installing: /home/rhyloo/Documents/Universidad/CyPR/ROS/dev_ws/install/first_pkg/lib/first_pkg/keyController
[4.021s] -- Set runtime path of "/home/rhyloo/Documents/Universidad/CyPR/ROS/dev_ws/install/first_pkg/lib/first_pkg/keyController" to ""
[4.021s] -- Up-to-date: /home/rhyloo/Documents/Universidad/CyPR/ROS/dev_ws/install/first_pkg/share/first_pkg//launch
[4.021s] -- Up-to-date: /home/rhyloo/Documents/Universidad/CyPR/ROS/dev_ws/install/first_pkg/share/first_pkg//launch/build
[4.022s] -- Up-to-date: /home/rhyloo/Documents/Universidad/CyPR/ROS/dev_ws/install/first_pkg/share/first_pkg//launch/build/.built_by
[4.022s] -- Up-to-date: /home/rhyloo/Documents/Universidad/CyPR/ROS/dev_ws/install/first_pkg/share/first_pkg//launch/build/COLCON_IGNORE
[4.022s] -- Up-to-date: /home/rhyloo/Documents/Universidad/CyPR/ROS/dev_ws/install/first_pkg/share/first_pkg//launch/first_pkg.launch
[4.022s] -- Up-to-date: /home/rhyloo/Documents/Universidad/CyPR/ROS/dev_ws/install/first_pkg/share/first_pkg//launch/install
[4.022s] -- Up-to-date: /home/rhyloo/Documents/Universidad/CyPR/ROS/dev_ws/install/first_pkg/share/first_pkg//launch/install/local_setup.ps1
[4.022s] -- Up-to-date: /home/rhyloo/Documents/Universidad/CyPR/ROS/dev_ws/install/first_pkg/share/first_pkg//launch/install/_local_setup_util_ps1.py
[4.022s] -- Up-to-date: /home/rhyloo/Documents/Universidad/CyPR/ROS/dev_ws/install/first_pkg/share/first_pkg//launch/install/setup.ps1
[4.022s] -- Up-to-date: /home/rhyloo/Documents/Universidad/CyPR/ROS/dev_ws/install/first_pkg/share/first_pkg//launch/install/.colcon_install_layout
[4.022s] -- Up-to-date: /home/rhyloo/Documents/Universidad/CyPR/ROS/dev_ws/install/first_pkg/share/first_pkg//launch/install/_local_setup_util_sh.py
[4.023s] -- Up-to-date: /home/rhyloo/Documents/Universidad/CyPR/ROS/dev_ws/install/first_pkg/share/first_pkg//launch/install/setup.zsh
[4.023s] -- Up-to-date: /home/rhyloo/Documents/Universidad/CyPR/ROS/dev_ws/install/first_pkg/share/first_pkg//launch/install/setup.sh
[4.023s] -- Up-to-date: /home/rhyloo/Documents/Universidad/CyPR/ROS/dev_ws/install/first_pkg/share/first_pkg//launch/install/local_setup.bash
[4.023s] -- Up-to-date: /home/rhyloo/Documents/Universidad/CyPR/ROS/dev_ws/install/first_pkg/share/first_pkg//launch/install/local_setup.zsh
[4.023s] -- Up-to-date: /home/rhyloo/Documents/Universidad/CyPR/ROS/dev_ws/install/first_pkg/share/first_pkg//launch/install/local_setup.sh
[4.023s] -- Up-to-date: /home/rhyloo/Documents/Universidad/CyPR/ROS/dev_ws/install/first_pkg/share/first_pkg//launch/install/setup.bash
[4.023s] -- Up-to-date: /home/rhyloo/Documents/Universidad/CyPR/ROS/dev_ws/install/first_pkg/share/first_pkg//launch/install/COLCON_IGNORE
[4.023s] -- Up-to-date: /home/rhyloo/Documents/Universidad/CyPR/ROS/dev_ws/install/first_pkg/share/first_pkg//launch/log
[4.023s] -- Up-to-date: /home/rhyloo/Documents/Universidad/CyPR/ROS/dev_ws/install/first_pkg/share/first_pkg//launch/log/build_2022-11-07_10-24-59
[4.024s] -- Up-to-date: /home/rhyloo/Documents/Universidad/CyPR/ROS/dev_ws/install/first_pkg/share/first_pkg//launch/log/build_2022-11-07_10-24-59/logger_all.log
[4.024s] -- Up-to-date: /home/rhyloo/Documents/Universidad/CyPR/ROS/dev_ws/install/first_pkg/share/first_pkg//launch/log/build_2022-11-07_10-24-59/events.log
[4.024s] -- Up-to-date: /home/rhyloo/Documents/Universidad/CyPR/ROS/dev_ws/install/first_pkg/share/first_pkg//launch/log/latest
[4.024s] -- Up-to-date: /home/rhyloo/Documents/Universidad/CyPR/ROS/dev_ws/install/first_pkg/share/first_pkg//launch/log/latest_build
[4.024s] -- Up-to-date: /home/rhyloo/Documents/Universidad/CyPR/ROS/dev_ws/install/first_pkg/share/first_pkg//launch/log/COLCON_IGNORE
[4.025s] -- Up-to-date: /home/rhyloo/Documents/Universidad/CyPR/ROS/dev_ws/install/first_pkg/share/ament_index/resource_index/package_run_dependencies/first_pkg
[4.025s] -- Up-to-date: /home/rhyloo/Documents/Universidad/CyPR/ROS/dev_ws/install/first_pkg/share/ament_index/resource_index/parent_prefix_path/first_pkg
[4.026s] -- Up-to-date: /home/rhyloo/Documents/Universidad/CyPR/ROS/dev_ws/install/first_pkg/share/first_pkg/environment/ament_prefix_path.sh
[4.026s] -- Up-to-date: /home/rhyloo/Documents/Universidad/CyPR/ROS/dev_ws/install/first_pkg/share/first_pkg/environment/ament_prefix_path.dsv
[4.026s] -- Up-to-date: /home/rhyloo/Documents/Universidad/CyPR/ROS/dev_ws/install/first_pkg/share/first_pkg/environment/path.sh
[4.027s] -- Up-to-date: /home/rhyloo/Documents/Universidad/CyPR/ROS/dev_ws/install/first_pkg/share/first_pkg/environment/path.dsv
[4.027s] -- Up-to-date: /home/rhyloo/Documents/Universidad/CyPR/ROS/dev_ws/install/first_pkg/share/first_pkg/local_setup.bash
[4.027s] -- Up-to-date: /home/rhyloo/Documents/Universidad/CyPR/ROS/dev_ws/install/first_pkg/share/first_pkg/local_setup.sh
[4.027s] -- Up-to-date: /home/rhyloo/Documents/Universidad/CyPR/ROS/dev_ws/install/first_pkg/share/first_pkg/local_setup.zsh
[4.027s] -- Up-to-date: /home/rhyloo/Documents/Universidad/CyPR/ROS/dev_ws/install/first_pkg/share/first_pkg/local_setup.dsv
[4.028s] -- Installing: /home/rhyloo/Documents/Universidad/CyPR/ROS/dev_ws/install/first_pkg/share/first_pkg/package.dsv
[4.028s] -- Up-to-date: /home/rhyloo/Documents/Universidad/CyPR/ROS/dev_ws/install/first_pkg/share/ament_index/resource_index/packages/first_pkg
[4.028s] -- Up-to-date: /home/rhyloo/Documents/Universidad/CyPR/ROS/dev_ws/install/first_pkg/share/first_pkg/cmake/first_pkgConfig.cmake
[4.029s] -- Up-to-date: /home/rhyloo/Documents/Universidad/CyPR/ROS/dev_ws/install/first_pkg/share/first_pkg/cmake/first_pkgConfig-version.cmake
[4.029s] -- Up-to-date: /home/rhyloo/Documents/Universidad/CyPR/ROS/dev_ws/install/first_pkg/share/first_pkg/package.xml
[4.029s] Invoked command in '/home/rhyloo/Documents/Universidad/CyPR/ROS/dev_ws/build/first_pkg' returned '0': CMAKE_PREFIX_PATH=${CMAKE_PREFIX_PATH}:/opt/ros/humble /usr/bin/cmake --install /home/rhyloo/Documents/Universidad/CyPR/ROS/dev_ws/build/first_pkg
