[0.012s] Invoking command in '/home/rhyloo/Documents/Universidad/CyPR/ROS/dev_ws/build/first_pkg': CMAKE_PREFIX_PATH=${CMAKE_PREFIX_PATH}:/opt/ros/humble /usr/bin/cmake --build /home/rhyloo/Documents/Universidad/CyPR/ROS/dev_ws/build/first_pkg -- -j8 -l8
[0.043s] [35m[1mConsolidate compiler generated dependencies of target actuator[0m
[0.050s] [ 33%] Built target hello
[0.053s] [ 66%] Built target randomController
[0.058s] [ 83%] [32mBuilding CXX object CMakeFiles/actuator.dir/src/actuator.cpp.o[0m
[7.443s] [100%] [32m[1mLinking CXX executable actuator[0m
[7.783s] [100%] Built target actuator
[7.792s] Invoked command in '/home/rhyloo/Documents/Universidad/CyPR/ROS/dev_ws/build/first_pkg' returned '0': CMAKE_PREFIX_PATH=${CMAKE_PREFIX_PATH}:/opt/ros/humble /usr/bin/cmake --build /home/rhyloo/Documents/Universidad/CyPR/ROS/dev_ws/build/first_pkg -- -j8 -l8
[7.821s] Invoking command in '/home/rhyloo/Documents/Universidad/CyPR/ROS/dev_ws/build/first_pkg': CMAKE_PREFIX_PATH=${CMAKE_PREFIX_PATH}:/opt/ros/humble /usr/bin/cmake --install /home/rhyloo/Documents/Universidad/CyPR/ROS/dev_ws/build/first_pkg
[7.826s] -- Install configuration: ""
[7.826s] -- Up-to-date: /home/rhyloo/Documents/Universidad/CyPR/ROS/dev_ws/install/first_pkg/lib/first_pkg/hello
[7.827s] -- Up-to-date: /home/rhyloo/Documents/Universidad/CyPR/ROS/dev_ws/install/first_pkg/lib/first_pkg/randomController
[7.827s] -- Installing: /home/rhyloo/Documents/Universidad/CyPR/ROS/dev_ws/install/first_pkg/lib/first_pkg/actuator
[7.831s] -- Set runtime path of "/home/rhyloo/Documents/Universidad/CyPR/ROS/dev_ws/install/first_pkg/lib/first_pkg/actuator" to ""
[7.831s] -- Up-to-date: /home/rhyloo/Documents/Universidad/CyPR/ROS/dev_ws/install/first_pkg/share/first_pkg//launch
[7.831s] -- Up-to-date: /home/rhyloo/Documents/Universidad/CyPR/ROS/dev_ws/install/first_pkg/share/first_pkg//launch/build
[7.831s] -- Up-to-date: /home/rhyloo/Documents/Universidad/CyPR/ROS/dev_ws/install/first_pkg/share/first_pkg//launch/build/.built_by
[7.831s] -- Up-to-date: /home/rhyloo/Documents/Universidad/CyPR/ROS/dev_ws/install/first_pkg/share/first_pkg//launch/build/COLCON_IGNORE
[7.831s] -- Up-to-date: /home/rhyloo/Documents/Universidad/CyPR/ROS/dev_ws/install/first_pkg/share/first_pkg//launch/first_pkg.launch
[7.831s] -- Up-to-date: /home/rhyloo/Documents/Universidad/CyPR/ROS/dev_ws/install/first_pkg/share/first_pkg//launch/install
[7.831s] -- Up-to-date: /home/rhyloo/Documents/Universidad/CyPR/ROS/dev_ws/install/first_pkg/share/first_pkg//launch/install/local_setup.ps1
[7.832s] -- Up-to-date: /home/rhyloo/Documents/Universidad/CyPR/ROS/dev_ws/install/first_pkg/share/first_pkg//launch/install/_local_setup_util_ps1.py
[7.832s] -- Up-to-date: /home/rhyloo/Documents/Universidad/CyPR/ROS/dev_ws/install/first_pkg/share/first_pkg//launch/install/setup.ps1
[7.832s] -- Up-to-date: /home/rhyloo/Documents/Universidad/CyPR/ROS/dev_ws/install/first_pkg/share/first_pkg//launch/install/.colcon_install_layout
[7.832s] -- Up-to-date: /home/rhyloo/Documents/Universidad/CyPR/ROS/dev_ws/install/first_pkg/share/first_pkg//launch/install/_local_setup_util_sh.py
[7.832s] -- Up-to-date: /home/rhyloo/Documents/Universidad/CyPR/ROS/dev_ws/install/first_pkg/share/first_pkg//launch/install/setup.zsh
[7.832s] -- Up-to-date: /home/rhyloo/Documents/Universidad/CyPR/ROS/dev_ws/install/first_pkg/share/first_pkg//launch/install/setup.sh
[7.832s] -- Up-to-date: /home/rhyloo/Documents/Universidad/CyPR/ROS/dev_ws/install/first_pkg/share/first_pkg//launch/install/local_setup.bash
[7.832s] -- Up-to-date: /home/rhyloo/Documents/Universidad/CyPR/ROS/dev_ws/install/first_pkg/share/first_pkg//launch/install/local_setup.zsh
[7.832s] -- Up-to-date: /home/rhyloo/Documents/Universidad/CyPR/ROS/dev_ws/install/first_pkg/share/first_pkg//launch/install/local_setup.sh
[7.832s] -- Up-to-date: /home/rhyloo/Documents/Universidad/CyPR/ROS/dev_ws/install/first_pkg/share/first_pkg//launch/install/setup.bash
[7.832s] -- Up-to-date: /home/rhyloo/Documents/Universidad/CyPR/ROS/dev_ws/install/first_pkg/share/first_pkg//launch/install/COLCON_IGNORE
[7.832s] -- Up-to-date: /home/rhyloo/Documents/Universidad/CyPR/ROS/dev_ws/install/first_pkg/share/first_pkg//launch/log
[7.832s] -- Up-to-date: /home/rhyloo/Documents/Universidad/CyPR/ROS/dev_ws/install/first_pkg/share/first_pkg//launch/log/build_2022-11-07_10-24-59
[7.832s] -- Up-to-date: /home/rhyloo/Documents/Universidad/CyPR/ROS/dev_ws/install/first_pkg/share/first_pkg//launch/log/build_2022-11-07_10-24-59/logger_all.log
[7.832s] -- Up-to-date: /home/rhyloo/Documents/Universidad/CyPR/ROS/dev_ws/install/first_pkg/share/first_pkg//launch/log/build_2022-11-07_10-24-59/events.log
[7.832s] -- Up-to-date: /home/rhyloo/Documents/Universidad/CyPR/ROS/dev_ws/install/first_pkg/share/first_pkg//launch/log/latest
[7.832s] -- Up-to-date: /home/rhyloo/Documents/Universidad/CyPR/ROS/dev_ws/install/first_pkg/share/first_pkg//launch/log/latest_build
[7.832s] -- Up-to-date: /home/rhyloo/Documents/Universidad/CyPR/ROS/dev_ws/install/first_pkg/share/first_pkg//launch/log/COLCON_IGNORE
[7.833s] -- Up-to-date: /home/rhyloo/Documents/Universidad/CyPR/ROS/dev_ws/install/first_pkg/share/ament_index/resource_index/package_run_dependencies/first_pkg
[7.833s] -- Up-to-date: /home/rhyloo/Documents/Universidad/CyPR/ROS/dev_ws/install/first_pkg/share/ament_index/resource_index/parent_prefix_path/first_pkg
[7.833s] -- Up-to-date: /home/rhyloo/Documents/Universidad/CyPR/ROS/dev_ws/install/first_pkg/share/first_pkg/environment/ament_prefix_path.sh
[7.833s] -- Up-to-date: /home/rhyloo/Documents/Universidad/CyPR/ROS/dev_ws/install/first_pkg/share/first_pkg/environment/ament_prefix_path.dsv
[7.833s] -- Up-to-date: /home/rhyloo/Documents/Universidad/CyPR/ROS/dev_ws/install/first_pkg/share/first_pkg/environment/path.sh
[7.833s] -- Up-to-date: /home/rhyloo/Documents/Universidad/CyPR/ROS/dev_ws/install/first_pkg/share/first_pkg/environment/path.dsv
[7.833s] -- Up-to-date: /home/rhyloo/Documents/Universidad/CyPR/ROS/dev_ws/install/first_pkg/share/first_pkg/local_setup.bash
[7.833s] -- Up-to-date: /home/rhyloo/Documents/Universidad/CyPR/ROS/dev_ws/install/first_pkg/share/first_pkg/local_setup.sh
[7.833s] -- Up-to-date: /home/rhyloo/Documents/Universidad/CyPR/ROS/dev_ws/install/first_pkg/share/first_pkg/local_setup.zsh
[7.833s] -- Up-to-date: /home/rhyloo/Documents/Universidad/CyPR/ROS/dev_ws/install/first_pkg/share/first_pkg/local_setup.dsv
[7.833s] -- Installing: /home/rhyloo/Documents/Universidad/CyPR/ROS/dev_ws/install/first_pkg/share/first_pkg/package.dsv
[7.833s] -- Up-to-date: /home/rhyloo/Documents/Universidad/CyPR/ROS/dev_ws/install/first_pkg/share/ament_index/resource_index/packages/first_pkg
[7.833s] -- Up-to-date: /home/rhyloo/Documents/Universidad/CyPR/ROS/dev_ws/install/first_pkg/share/first_pkg/cmake/first_pkgConfig.cmake
[7.834s] -- Up-to-date: /home/rhyloo/Documents/Universidad/CyPR/ROS/dev_ws/install/first_pkg/share/first_pkg/cmake/first_pkgConfig-version.cmake
[7.834s] -- Up-to-date: /home/rhyloo/Documents/Universidad/CyPR/ROS/dev_ws/install/first_pkg/share/first_pkg/package.xml
[7.835s] Invoked command in '/home/rhyloo/Documents/Universidad/CyPR/ROS/dev_ws/build/first_pkg' returned '0': CMAKE_PREFIX_PATH=${CMAKE_PREFIX_PATH}:/opt/ros/humble /usr/bin/cmake --install /home/rhyloo/Documents/Universidad/CyPR/ROS/dev_ws/build/first_pkg
