[ 33%] Built target hello
[ 66%] Built target actuator
[ 83%] [32mBuilding CXX object CMakeFiles/randomController.dir/src/randomController.cpp.o[0m
[100%] [32m[1mLinking CXX executable randomController[0m
[100%] Built target randomController
-- Install configuration: ""
-- Up-to-date: /home/rhyloo/Documents/Universidad/CyPR/ROS/dev_ws/install/first_pkg/lib/first_pkg/hello
-- Installing: /home/rhyloo/Documents/Universidad/CyPR/ROS/dev_ws/install/first_pkg/lib/first_pkg/randomController
-- Set runtime path of "/home/rhyloo/Documents/Universidad/CyPR/ROS/dev_ws/install/first_pkg/lib/first_pkg/randomController" to ""
-- Up-to-date: /home/rhyloo/Documents/Universidad/CyPR/ROS/dev_ws/install/first_pkg/lib/first_pkg/actuator
-- Up-to-date: /home/rhyloo/Documents/Universidad/CyPR/ROS/dev_ws/install/first_pkg/share/first_pkg//launch
-- Up-to-date: /home/rhyloo/Documents/Universidad/CyPR/ROS/dev_ws/install/first_pkg/share/first_pkg//launch/test.launch
-- Up-to-date: /home/rhyloo/Documents/Universidad/CyPR/ROS/dev_ws/install/first_pkg/share/ament_index/resource_index/package_run_dependencies/first_pkg
-- Up-to-date: /home/rhyloo/Documents/Universidad/CyPR/ROS/dev_ws/install/first_pkg/share/ament_index/resource_index/parent_prefix_path/first_pkg
-- Up-to-date: /home/rhyloo/Documents/Universidad/CyPR/ROS/dev_ws/install/first_pkg/share/first_pkg/environment/ament_prefix_path.sh
-- Up-to-date: /home/rhyloo/Documents/Universidad/CyPR/ROS/dev_ws/install/first_pkg/share/first_pkg/environment/ament_prefix_path.dsv
-- Up-to-date: /home/rhyloo/Documents/Universidad/CyPR/ROS/dev_ws/install/first_pkg/share/first_pkg/environment/path.sh
-- Up-to-date: /home/rhyloo/Documents/Universidad/CyPR/ROS/dev_ws/install/first_pkg/share/first_pkg/environment/path.dsv
-- Up-to-date: /home/rhyloo/Documents/Universidad/CyPR/ROS/dev_ws/install/first_pkg/share/first_pkg/local_setup.bash
-- Up-to-date: /home/rhyloo/Documents/Universidad/CyPR/ROS/dev_ws/install/first_pkg/share/first_pkg/local_setup.sh
-- Up-to-date: /home/rhyloo/Documents/Universidad/CyPR/ROS/dev_ws/install/first_pkg/share/first_pkg/local_setup.zsh
-- Up-to-date: /home/rhyloo/Documents/Universidad/CyPR/ROS/dev_ws/install/first_pkg/share/first_pkg/local_setup.dsv
-- Installing: /home/rhyloo/Documents/Universidad/CyPR/ROS/dev_ws/install/first_pkg/share/first_pkg/package.dsv
-- Up-to-date: /home/rhyloo/Documents/Universidad/CyPR/ROS/dev_ws/install/first_pkg/share/ament_index/resource_index/packages/first_pkg
-- Up-to-date: /home/rhyloo/Documents/Universidad/CyPR/ROS/dev_ws/install/first_pkg/share/first_pkg/cmake/first_pkgConfig.cmake
-- Up-to-date: /home/rhyloo/Documents/Universidad/CyPR/ROS/dev_ws/install/first_pkg/share/first_pkg/cmake/first_pkgConfig-version.cmake
-- Up-to-date: /home/rhyloo/Documents/Universidad/CyPR/ROS/dev_ws/install/first_pkg/share/first_pkg/package.xml
