[0.012s] Invoking command in '/home/rhyloo/Documents/Universidad/CyPR/ROS/dev_ws/build/first_pkg': CMAKE_PREFIX_PATH=${CMAKE_PREFIX_PATH}:/opt/ros/humble /usr/bin/cmake --build /home/rhyloo/Documents/Universidad/CyPR/ROS/dev_ws/build/first_pkg -- -j8 -l8
[0.037s] -- Found ament_cmake: 1.3.2 (/opt/ros/humble/share/ament_cmake/cmake)
[0.172s] -- Found ament_lint_auto: 0.12.4 (/opt/ros/humble/share/ament_lint_auto/cmake)
[0.230s] -- Found rclcpp: 16.0.1 (/opt/ros/humble/share/rclcpp/cmake)
[0.271s] -- Found rosidl_generator_c: 3.1.3 (/opt/ros/humble/share/rosidl_generator_c/cmake)
[0.274s] -- Found rosidl_adapter: 3.1.3 (/opt/ros/humble/share/rosidl_adapter/cmake)
[0.284s] -- Found rosidl_generator_cpp: 3.1.3 (/opt/ros/humble/share/rosidl_generator_cpp/cmake)
[0.298s] -- Using all available rosidl_typesupport_c: rosidl_typesupport_fastrtps_c;rosidl_typesupport_introspection_c
[0.315s] -- Using all available rosidl_typesupport_cpp: rosidl_typesupport_fastrtps_cpp;rosidl_typesupport_introspection_cpp
[0.393s] -- Found rmw_implementation_cmake: 6.1.0 (/opt/ros/humble/share/rmw_implementation_cmake/cmake)
[0.395s] -- Found rmw_fastrtps_cpp: 6.2.1 (/opt/ros/humble/share/rmw_fastrtps_cpp/cmake)
[0.513s] -- Using RMW implementation 'rmw_fastrtps_cpp' as default
[0.668s] -- Found geometry_msgs: 4.2.2 (/opt/ros/humble/share/geometry_msgs/cmake)
[0.717s] [31mCMake Error at CMakeLists.txt:40 (add_executable):
[0.717s]   add_executable cannot create target "actuator" because another target with
[0.717s]   the same name already exists.  The existing target is an executable created
[0.717s]   in source directory
[0.717s]   "/home/rhyloo/Documents/Universidad/CyPR/ROS/dev_ws/src/first_pkg".  See
[0.718s]   documentation for policy CMP0002 for more details.
[0.718s] 
[0.718s] [0m
[0.718s] [31mCMake Error at CMakeLists.txt:44 (install):
[0.718s]   install TARGETS given target "keyController" which does not exist.
[0.718s] 
[0.718s] [0m
[0.719s] [31mCMake Error at /opt/ros/humble/share/ament_cmake_target_dependencies/cmake/ament_target_dependencies.cmake:42 (message):
[0.719s]   ament_target_dependencies() the first argument must be a valid target name
[0.719s] Call Stack (most recent call first):
[0.719s]   CMakeLists.txt:57 (ament_target_dependencies)
[0.720s] 
[0.720s] [0m
[0.720s] -- Configuring incomplete, errors occurred!
[0.720s] See also "/home/rhyloo/Documents/Universidad/CyPR/ROS/dev_ws/build/first_pkg/CMakeFiles/CMakeOutput.log".
[0.725s] gmake: *** [Makefile:349: cmake_check_build_system] Error 1
[0.726s] Invoked command in '/home/rhyloo/Documents/Universidad/CyPR/ROS/dev_ws/build/first_pkg' returned '2': CMAKE_PREFIX_PATH=${CMAKE_PREFIX_PATH}:/opt/ros/humble /usr/bin/cmake --build /home/rhyloo/Documents/Universidad/CyPR/ROS/dev_ws/build/first_pkg -- -j8 -l8
